{"D:\\Javascript love\\MERN\\To-Do_List_Software_Development\\server\\app.js": {"path":"D:\\Javascript love\\MERN\\To-Do_List_Software_Development\\server\\app.js","statementMap":{"0":{"start":{"line":12,"column":19},"end":{"line":12,"column":49}},"1":{"start":{"line":13,"column":18},"end":{"line":13,"column":42}},"2":{"start":{"line":15,"column":0},"end":{"line":15,"column":12}},"3":{"start":{"line":16,"column":12},"end":{"line":16,"column":21}},"4":{"start":{"line":18,"column":0},"end":{"line":18,"column":23}},"5":{"start":{"line":19,"column":0},"end":{"line":22,"column":6}},"6":{"start":{"line":23,"column":0},"end":{"line":23,"column":24}},"7":{"start":{"line":24,"column":0},"end":{"line":24,"column":48}},"8":{"start":{"line":25,"column":0},"end":{"line":25,"column":24}},"9":{"start":{"line":26,"column":0},"end":{"line":26,"column":69}},"10":{"start":{"line":28,"column":0},"end":{"line":28,"column":24}},"11":{"start":{"line":31,"column":0},"end":{"line":31,"column":30}},"12":{"start":{"line":32,"column":0},"end":{"line":32,"column":30}}},"fnMap":{},"branchMap":{},"s":{"0":3,"1":3,"2":3,"3":3,"4":3,"5":3,"6":3,"7":3,"8":3,"9":3,"10":3,"11":3,"12":3},"f":{},"b":{},"inputSourceMap":null,"_coverageSchema":"1a1c01bbd47fc00a2c39e90264f33305004495a9","hash":"6117a06569e2a159c1e83e4c888754db0a2c6314"}
,"D:\\Javascript love\\MERN\\To-Do_List_Software_Development\\server\\config\\multer.config.js": {"path":"D:\\Javascript love\\MERN\\To-Do_List_Software_Development\\server\\config\\multer.config.js","statementMap":{"0":{"start":{"line":6,"column":16},"end":{"line":14,"column":2}},"1":{"start":{"line":8,"column":4},"end":{"line":8,"column":25}},"2":{"start":{"line":11,"column":16},"end":{"line":11,"column":47}},"3":{"start":{"line":12,"column":4},"end":{"line":12,"column":29}},"4":{"start":{"line":16,"column":22},"end":{"line":16,"column":41}}},"fnMap":{"0":{"name":"(anonymous_0)","decl":{"start":{"line":7,"column":15},"end":{"line":7,"column":16}},"loc":{"start":{"line":7,"column":34},"end":{"line":9,"column":3}},"line":7},"1":{"name":"(anonymous_1)","decl":{"start":{"line":10,"column":12},"end":{"line":10,"column":13}},"loc":{"start":{"line":10,"column":31},"end":{"line":13,"column":3}},"line":10}},"branchMap":{},"s":{"0":3,"1":0,"2":0,"3":0,"4":3},"f":{"0":0,"1":0},"b":{},"inputSourceMap":null,"_coverageSchema":"1a1c01bbd47fc00a2c39e90264f33305004495a9","hash":"cc51583e55a4ead5916b1cd9da6d60d50dcf9536"}
,"D:\\Javascript love\\MERN\\To-Do_List_Software_Development\\server\\controllers\\task.controller.js": {"path":"D:\\Javascript love\\MERN\\To-Do_List_Software_Development\\server\\controllers\\task.controller.js","statementMap":{"0":{"start":{"line":5,"column":36},"end":{"line":25,"column":1}},"1":{"start":{"line":6,"column":17},"end":{"line":6,"column":38}},"2":{"start":{"line":7,"column":2},"end":{"line":7,"column":81}},"3":{"start":{"line":7,"column":25},"end":{"line":7,"column":81}},"4":{"start":{"line":9,"column":2},"end":{"line":24,"column":3}},"5":{"start":{"line":10,"column":21},"end":{"line":17,"column":5}},"6":{"start":{"line":13,"column":45},"end":{"line":16,"column":7}},"7":{"start":{"line":19,"column":17},"end":{"line":19,"column":44}},"8":{"start":{"line":20,"column":4},"end":{"line":20,"column":31}},"9":{"start":{"line":22,"column":4},"end":{"line":22,"column":46}},"10":{"start":{"line":23,"column":4},"end":{"line":23,"column":61}},"11":{"start":{"line":27,"column":36},"end":{"line":58,"column":1}},"12":{"start":{"line":28,"column":2},"end":{"line":57,"column":3}},"13":{"start":{"line":29,"column":19},"end":{"line":34,"column":5}},"14":{"start":{"line":36,"column":4},"end":{"line":36,"column":66}},"15":{"start":{"line":36,"column":39},"end":{"line":36,"column":66}},"16":{"start":{"line":37,"column":4},"end":{"line":37,"column":68}},"17":{"start":{"line":37,"column":42},"end":{"line":37,"column":68}},"18":{"start":{"line":39,"column":17},"end":{"line":39,"column":46}},"19":{"start":{"line":40,"column":18},"end":{"line":40,"column":49}},"20":{"start":{"line":41,"column":17},"end":{"line":41,"column":35}},"21":{"start":{"line":43,"column":27},"end":{"line":46,"column":6}},"22":{"start":{"line":48,"column":4},"end":{"line":53,"column":7}},"23":{"start":{"line":55,"column":4},"end":{"line":55,"column":44}},"24":{"start":{"line":56,"column":4},"end":{"line":56,"column":61}},"25":{"start":{"line":60,"column":36},"end":{"line":78,"column":1}},"26":{"start":{"line":61,"column":17},"end":{"line":61,"column":38}},"27":{"start":{"line":62,"column":2},"end":{"line":62,"column":81}},"28":{"start":{"line":62,"column":25},"end":{"line":62,"column":81}},"29":{"start":{"line":64,"column":17},"end":{"line":64,"column":27}},"30":{"start":{"line":65,"column":2},"end":{"line":77,"column":3}},"31":{"start":{"line":66,"column":17},"end":{"line":70,"column":5}},"32":{"start":{"line":71,"column":4},"end":{"line":71,"column":88}},"33":{"start":{"line":71,"column":15},"end":{"line":71,"column":88}},"34":{"start":{"line":73,"column":4},"end":{"line":73,"column":31}},"35":{"start":{"line":75,"column":4},"end":{"line":75,"column":46}},"36":{"start":{"line":76,"column":4},"end":{"line":76,"column":61}},"37":{"start":{"line":80,"column":36},"end":{"line":90,"column":1}},"38":{"start":{"line":81,"column":2},"end":{"line":89,"column":3}},"39":{"start":{"line":82,"column":17},"end":{"line":82,"column":88}},"40":{"start":{"line":83,"column":4},"end":{"line":83,"column":88}},"41":{"start":{"line":83,"column":15},"end":{"line":83,"column":88}},"42":{"start":{"line":85,"column":4},"end":{"line":85,"column":67}},"43":{"start":{"line":87,"column":4},"end":{"line":87,"column":46}},"44":{"start":{"line":88,"column":4},"end":{"line":88,"column":61}},"45":{"start":{"line":92,"column":35},"end":{"line":118,"column":1}},"46":{"start":{"line":93,"column":2},"end":{"line":117,"column":3}},"47":{"start":{"line":94,"column":23},"end":{"line":94,"column":33}},"48":{"start":{"line":95,"column":30},"end":{"line":95,"column":38}},"49":{"start":{"line":97,"column":4},"end":{"line":99,"column":5}},"50":{"start":{"line":98,"column":6},"end":{"line":98,"column":82}},"51":{"start":{"line":101,"column":17},"end":{"line":101,"column":44}},"52":{"start":{"line":102,"column":4},"end":{"line":104,"column":5}},"53":{"start":{"line":103,"column":6},"end":{"line":103,"column":82}},"54":{"start":{"line":106,"column":4},"end":{"line":108,"column":5}},"55":{"start":{"line":107,"column":6},"end":{"line":107,"column":83}},"56":{"start":{"line":110,"column":4},"end":{"line":110,"column":40}},"57":{"start":{"line":111,"column":4},"end":{"line":111,"column":22}},"58":{"start":{"line":113,"column":4},"end":{"line":113,"column":66}},"59":{"start":{"line":115,"column":4},"end":{"line":115,"column":45}},"60":{"start":{"line":116,"column":4},"end":{"line":116,"column":60}},"61":{"start":{"line":120,"column":38},"end":{"line":153,"column":1}},"62":{"start":{"line":121,"column":2},"end":{"line":152,"column":3}},"63":{"start":{"line":122,"column":20},"end":{"line":122,"column":34}},"64":{"start":{"line":125,"column":4},"end":{"line":127,"column":5}},"65":{"start":{"line":126,"column":6},"end":{"line":126,"column":81}},"66":{"start":{"line":129,"column":4},"end":{"line":133,"column":5}},"67":{"start":{"line":130,"column":6},"end":{"line":132,"column":7}},"68":{"start":{"line":131,"column":8},"end":{"line":131,"column":77}},"69":{"start":{"line":135,"column":20},"end":{"line":140,"column":7}},"70":{"start":{"line":135,"column":53},"end":{"line":140,"column":5}},"71":{"start":{"line":142,"column":4},"end":{"line":142,"column":34}},"72":{"start":{"line":144,"column":27},"end":{"line":146,"column":40}},"73":{"start":{"line":148,"column":4},"end":{"line":148,"column":52}},"74":{"start":{"line":150,"column":4},"end":{"line":150,"column":48}},"75":{"start":{"line":151,"column":4},"end":{"line":151,"column":63}}},"fnMap":{"0":{"name":"(anonymous_0)","decl":{"start":{"line":5,"column":36},"end":{"line":5,"column":37}},"loc":{"start":{"line":5,"column":56},"end":{"line":25,"column":1}},"line":5},"1":{"name":"(anonymous_1)","decl":{"start":{"line":13,"column":34},"end":{"line":13,"column":35}},"loc":{"start":{"line":13,"column":45},"end":{"line":16,"column":7}},"line":13},"2":{"name":"(anonymous_2)","decl":{"start":{"line":27,"column":36},"end":{"line":27,"column":37}},"loc":{"start":{"line":27,"column":56},"end":{"line":58,"column":1}},"line":27},"3":{"name":"(anonymous_3)","decl":{"start":{"line":60,"column":36},"end":{"line":60,"column":37}},"loc":{"start":{"line":60,"column":56},"end":{"line":78,"column":1}},"line":60},"4":{"name":"(anonymous_4)","decl":{"start":{"line":80,"column":36},"end":{"line":80,"column":37}},"loc":{"start":{"line":80,"column":56},"end":{"line":90,"column":1}},"line":80},"5":{"name":"(anonymous_5)","decl":{"start":{"line":92,"column":35},"end":{"line":92,"column":36}},"loc":{"start":{"line":92,"column":55},"end":{"line":118,"column":1}},"line":92},"6":{"name":"(anonymous_6)","decl":{"start":{"line":120,"column":38},"end":{"line":120,"column":39}},"loc":{"start":{"line":120,"column":58},"end":{"line":153,"column":1}},"line":120},"7":{"name":"(anonymous_7)","decl":{"start":{"line":135,"column":32},"end":{"line":135,"column":33}},"loc":{"start":{"line":135,"column":53},"end":{"line":140,"column":5}},"line":135}},"branchMap":{"0":{"loc":{"start":{"line":7,"column":2},"end":{"line":7,"column":81}},"type":"if","locations":[{"start":{"line":7,"column":2},"end":{"line":7,"column":81}},{"start":{},"end":{}}],"line":7},"1":{"loc":{"start":{"line":36,"column":4},"end":{"line":36,"column":66}},"type":"if","locations":[{"start":{"line":36,"column":4},"end":{"line":36,"column":66}},{"start":{},"end":{}}],"line":36},"2":{"loc":{"start":{"line":37,"column":4},"end":{"line":37,"column":68}},"type":"if","locations":[{"start":{"line":37,"column":4},"end":{"line":37,"column":68}},{"start":{},"end":{}}],"line":37},"3":{"loc":{"start":{"line":39,"column":17},"end":{"line":39,"column":46}},"type":"binary-expr","locations":[{"start":{"line":39,"column":17},"end":{"line":39,"column":41}},{"start":{"line":39,"column":45},"end":{"line":39,"column":46}}],"line":39},"4":{"loc":{"start":{"line":40,"column":18},"end":{"line":40,"column":49}},"type":"binary-expr","locations":[{"start":{"line":40,"column":18},"end":{"line":40,"column":43}},{"start":{"line":40,"column":47},"end":{"line":40,"column":49}}],"line":40},"5":{"loc":{"start":{"line":62,"column":2},"end":{"line":62,"column":81}},"type":"if","locations":[{"start":{"line":62,"column":2},"end":{"line":62,"column":81}},{"start":{},"end":{}}],"line":62},"6":{"loc":{"start":{"line":71,"column":4},"end":{"line":71,"column":88}},"type":"if","locations":[{"start":{"line":71,"column":4},"end":{"line":71,"column":88}},{"start":{},"end":{}}],"line":71},"7":{"loc":{"start":{"line":83,"column":4},"end":{"line":83,"column":88}},"type":"if","locations":[{"start":{"line":83,"column":4},"end":{"line":83,"column":88}},{"start":{},"end":{}}],"line":83},"8":{"loc":{"start":{"line":97,"column":4},"end":{"line":99,"column":5}},"type":"if","locations":[{"start":{"line":97,"column":4},"end":{"line":99,"column":5}},{"start":{},"end":{}}],"line":97},"9":{"loc":{"start":{"line":102,"column":4},"end":{"line":104,"column":5}},"type":"if","locations":[{"start":{"line":102,"column":4},"end":{"line":104,"column":5}},{"start":{},"end":{}}],"line":102},"10":{"loc":{"start":{"line":102,"column":8},"end":{"line":102,"column":54}},"type":"binary-expr","locations":[{"start":{"line":102,"column":8},"end":{"line":102,"column":13}},{"start":{"line":102,"column":17},"end":{"line":102,"column":54}}],"line":102},"11":{"loc":{"start":{"line":106,"column":4},"end":{"line":108,"column":5}},"type":"if","locations":[{"start":{"line":106,"column":4},"end":{"line":108,"column":5}},{"start":{},"end":{}}],"line":106},"12":{"loc":{"start":{"line":125,"column":4},"end":{"line":127,"column":5}},"type":"if","locations":[{"start":{"line":125,"column":4},"end":{"line":127,"column":5}},{"start":{},"end":{}}],"line":125},"13":{"loc":{"start":{"line":125,"column":8},"end":{"line":125,"column":55}},"type":"binary-expr","locations":[{"start":{"line":125,"column":8},"end":{"line":125,"column":31}},{"start":{"line":125,"column":35},"end":{"line":125,"column":55}}],"line":125},"14":{"loc":{"start":{"line":130,"column":6},"end":{"line":132,"column":7}},"type":"if","locations":[{"start":{"line":130,"column":6},"end":{"line":132,"column":7}},{"start":{},"end":{}}],"line":130},"15":{"loc":{"start":{"line":130,"column":10},"end":{"line":130,"column":53}},"type":"binary-expr","locations":[{"start":{"line":130,"column":10},"end":{"line":130,"column":19}},{"start":{"line":130,"column":23},"end":{"line":130,"column":53}}],"line":130}},"s":{"0":3,"1":1,"2":1,"3":0,"4":1,"5":1,"6":0,"7":1,"8":1,"9":0,"10":0,"11":3,"12":1,"13":1,"14":1,"15":0,"16":1,"17":0,"18":1,"19":1,"20":1,"21":1,"22":1,"23":0,"24":0,"25":3,"26":1,"27":1,"28":0,"29":1,"30":1,"31":1,"32":1,"33":0,"34":1,"35":0,"36":0,"37":3,"38":1,"39":1,"40":1,"41":0,"42":1,"43":0,"44":0,"45":3,"46":0,"47":0,"48":0,"49":0,"50":0,"51":0,"52":0,"53":0,"54":0,"55":0,"56":0,"57":0,"58":0,"59":0,"60":0,"61":3,"62":1,"63":1,"64":1,"65":0,"66":1,"67":1,"68":0,"69":1,"70":1,"71":1,"72":1,"73":1,"74":0,"75":0},"f":{"0":1,"1":0,"2":1,"3":1,"4":1,"5":0,"6":1,"7":1},"b":{"0":[0,1],"1":[0,1],"2":[0,1],"3":[1,1],"4":[1,1],"5":[0,1],"6":[0,1],"7":[0,1],"8":[0,0],"9":[0,0],"10":[0,0],"11":[0,0],"12":[0,1],"13":[1,1],"14":[0,1],"15":[1,1]},"inputSourceMap":null,"_coverageSchema":"1a1c01bbd47fc00a2c39e90264f33305004495a9","hash":"0ee66ef14062bad49b6ab619ce4899516f5c6e35"}
,"D:\\Javascript love\\MERN\\To-Do_List_Software_Development\\server\\controllers\\user.controller.js": {"path":"D:\\Javascript love\\MERN\\To-Do_List_Software_Development\\server\\controllers\\user.controller.js","statementMap":{"0":{"start":{"line":9,"column":36},"end":{"line":32,"column":1}},"1":{"start":{"line":10,"column":17},"end":{"line":10,"column":38}},"2":{"start":{"line":11,"column":2},"end":{"line":13,"column":3}},"3":{"start":{"line":12,"column":4},"end":{"line":12,"column":60}},"4":{"start":{"line":14,"column":2},"end":{"line":31,"column":3}},"5":{"start":{"line":15,"column":17},"end":{"line":15,"column":55}},"6":{"start":{"line":16,"column":42},"end":{"line":16,"column":62}},"7":{"start":{"line":17,"column":4},"end":{"line":17,"column":30}},"8":{"start":{"line":19,"column":4},"end":{"line":22,"column":7}},"9":{"start":{"line":23,"column":4},"end":{"line":26,"column":7}},"10":{"start":{"line":28,"column":4},"end":{"line":28,"column":42}},"11":{"start":{"line":30,"column":4},"end":{"line":30,"column":47}},"12":{"start":{"line":34,"column":31},"end":{"line":65,"column":1}},"13":{"start":{"line":35,"column":17},"end":{"line":35,"column":38}},"14":{"start":{"line":36,"column":2},"end":{"line":38,"column":3}},"15":{"start":{"line":37,"column":4},"end":{"line":37,"column":60}},"16":{"start":{"line":39,"column":2},"end":{"line":64,"column":3}},"17":{"start":{"line":40,"column":32},"end":{"line":40,"column":40}},"18":{"start":{"line":41,"column":17},"end":{"line":41,"column":71}},"19":{"start":{"line":42,"column":4},"end":{"line":44,"column":5}},"20":{"start":{"line":43,"column":6},"end":{"line":43,"column":69}},"21":{"start":{"line":45,"column":20},"end":{"line":45,"column":56}},"22":{"start":{"line":46,"column":4},"end":{"line":48,"column":5}},"23":{"start":{"line":47,"column":6},"end":{"line":47,"column":69}},"24":{"start":{"line":49,"column":42},"end":{"line":49,"column":62}},"25":{"start":{"line":50,"column":4},"end":{"line":50,"column":30}},"26":{"start":{"line":52,"column":4},"end":{"line":55,"column":7}},"27":{"start":{"line":56,"column":4},"end":{"line":59,"column":7}},"28":{"start":{"line":61,"column":4},"end":{"line":61,"column":42}},"29":{"start":{"line":63,"column":4},"end":{"line":63,"column":47}},"30":{"start":{"line":67,"column":32},"end":{"line":86,"column":1}},"31":{"start":{"line":68,"column":2},"end":{"line":85,"column":3}},"32":{"start":{"line":69,"column":24},"end":{"line":69,"column":92}},"33":{"start":{"line":70,"column":25},"end":{"line":70,"column":49}},"34":{"start":{"line":72,"column":4},"end":{"line":74,"column":5}},"35":{"start":{"line":73,"column":6},"end":{"line":73,"column":76}},"36":{"start":{"line":75,"column":4},"end":{"line":77,"column":5}},"37":{"start":{"line":76,"column":6},"end":{"line":76,"column":81}},"38":{"start":{"line":79,"column":4},"end":{"line":79,"column":35}},"39":{"start":{"line":80,"column":4},"end":{"line":80,"column":36}},"40":{"start":{"line":82,"column":4},"end":{"line":82,"column":65}},"41":{"start":{"line":84,"column":4},"end":{"line":84,"column":40}},"42":{"start":{"line":88,"column":38},"end":{"line":126,"column":1}},"43":{"start":{"line":89,"column":23},"end":{"line":89,"column":47}},"44":{"start":{"line":90,"column":2},"end":{"line":92,"column":3}},"45":{"start":{"line":91,"column":4},"end":{"line":91,"column":72}},"46":{"start":{"line":94,"column":2},"end":{"line":125,"column":3}},"47":{"start":{"line":95,"column":24},"end":{"line":95,"column":59}},"48":{"start":{"line":96,"column":4},"end":{"line":98,"column":5}},"49":{"start":{"line":97,"column":6},"end":{"line":97,"column":69}},"50":{"start":{"line":100,"column":20},"end":{"line":100,"column":78}},"51":{"start":{"line":101,"column":17},"end":{"line":101,"column":53}},"52":{"start":{"line":103,"column":4},"end":{"line":105,"column":5}},"53":{"start":{"line":104,"column":6},"end":{"line":104,"column":63}},"54":{"start":{"line":107,"column":59},"end":{"line":107,"column":79}},"55":{"start":{"line":110,"column":4},"end":{"line":110,"column":79}},"56":{"start":{"line":112,"column":4},"end":{"line":115,"column":7}},"57":{"start":{"line":116,"column":4},"end":{"line":119,"column":7}},"58":{"start":{"line":121,"column":4},"end":{"line":121,"column":57}},"59":{"start":{"line":123,"column":4},"end":{"line":123,"column":51}},"60":{"start":{"line":124,"column":4},"end":{"line":124,"column":72}},"61":{"start":{"line":128,"column":36},"end":{"line":150,"column":1}},"62":{"start":{"line":129,"column":17},"end":{"line":129,"column":27}},"63":{"start":{"line":130,"column":19},"end":{"line":130,"column":27}},"64":{"start":{"line":132,"column":21},"end":{"line":132,"column":46}},"65":{"start":{"line":133,"column":2},"end":{"line":135,"column":3}},"66":{"start":{"line":134,"column":4},"end":{"line":134,"column":59}},"67":{"start":{"line":137,"column":2},"end":{"line":149,"column":3}},"68":{"start":{"line":138,"column":17},"end":{"line":142,"column":5}},"69":{"start":{"line":144,"column":4},"end":{"line":144,"column":72}},"70":{"start":{"line":144,"column":15},"end":{"line":144,"column":72}},"71":{"start":{"line":146,"column":4},"end":{"line":146,"column":72}},"72":{"start":{"line":148,"column":4},"end":{"line":148,"column":59}},"73":{"start":{"line":152,"column":40},"end":{"line":166,"column":1}},"74":{"start":{"line":153,"column":2},"end":{"line":165,"column":3}},"75":{"start":{"line":154,"column":18},"end":{"line":154,"column":84}},"76":{"start":{"line":156,"column":25},"end":{"line":159,"column":5}},"77":{"start":{"line":157,"column":35},"end":{"line":157,"column":56}},"78":{"start":{"line":158,"column":42},"end":{"line":158,"column":70}},"79":{"start":{"line":161,"column":4},"end":{"line":161,"column":39}},"80":{"start":{"line":163,"column":4},"end":{"line":163,"column":56}},"81":{"start":{"line":164,"column":4},"end":{"line":164,"column":73}}},"fnMap":{"0":{"name":"(anonymous_0)","decl":{"start":{"line":9,"column":36},"end":{"line":9,"column":37}},"loc":{"start":{"line":9,"column":56},"end":{"line":32,"column":1}},"line":9},"1":{"name":"(anonymous_1)","decl":{"start":{"line":34,"column":31},"end":{"line":34,"column":32}},"loc":{"start":{"line":34,"column":51},"end":{"line":65,"column":1}},"line":34},"2":{"name":"(anonymous_2)","decl":{"start":{"line":67,"column":32},"end":{"line":67,"column":33}},"loc":{"start":{"line":67,"column":52},"end":{"line":86,"column":1}},"line":67},"3":{"name":"(anonymous_3)","decl":{"start":{"line":88,"column":38},"end":{"line":88,"column":39}},"loc":{"start":{"line":88,"column":58},"end":{"line":126,"column":1}},"line":88},"4":{"name":"(anonymous_4)","decl":{"start":{"line":128,"column":36},"end":{"line":128,"column":37}},"loc":{"start":{"line":128,"column":56},"end":{"line":150,"column":1}},"line":128},"5":{"name":"(anonymous_5)","decl":{"start":{"line":152,"column":40},"end":{"line":152,"column":41}},"loc":{"start":{"line":152,"column":60},"end":{"line":166,"column":1}},"line":152},"6":{"name":"(anonymous_6)","decl":{"start":{"line":157,"column":27},"end":{"line":157,"column":28}},"loc":{"start":{"line":157,"column":35},"end":{"line":157,"column":56}},"line":157},"7":{"name":"(anonymous_7)","decl":{"start":{"line":158,"column":34},"end":{"line":158,"column":35}},"loc":{"start":{"line":158,"column":42},"end":{"line":158,"column":70}},"line":158}},"branchMap":{"0":{"loc":{"start":{"line":11,"column":2},"end":{"line":13,"column":3}},"type":"if","locations":[{"start":{"line":11,"column":2},"end":{"line":13,"column":3}},{"start":{},"end":{}}],"line":11},"1":{"loc":{"start":{"line":36,"column":2},"end":{"line":38,"column":3}},"type":"if","locations":[{"start":{"line":36,"column":2},"end":{"line":38,"column":3}},{"start":{},"end":{}}],"line":36},"2":{"loc":{"start":{"line":42,"column":4},"end":{"line":44,"column":5}},"type":"if","locations":[{"start":{"line":42,"column":4},"end":{"line":44,"column":5}},{"start":{},"end":{}}],"line":42},"3":{"loc":{"start":{"line":46,"column":4},"end":{"line":48,"column":5}},"type":"if","locations":[{"start":{"line":46,"column":4},"end":{"line":48,"column":5}},{"start":{},"end":{}}],"line":46},"4":{"loc":{"start":{"line":69,"column":24},"end":{"line":69,"column":92}},"type":"binary-expr","locations":[{"start":{"line":69,"column":24},"end":{"line":69,"column":47}},{"start":{"line":69,"column":51},"end":{"line":69,"column":92}}],"line":69},"5":{"loc":{"start":{"line":72,"column":4},"end":{"line":74,"column":5}},"type":"if","locations":[{"start":{"line":72,"column":4},"end":{"line":74,"column":5}},{"start":{},"end":{}}],"line":72},"6":{"loc":{"start":{"line":75,"column":4},"end":{"line":77,"column":5}},"type":"if","locations":[{"start":{"line":75,"column":4},"end":{"line":77,"column":5}},{"start":{},"end":{}}],"line":75},"7":{"loc":{"start":{"line":90,"column":2},"end":{"line":92,"column":3}},"type":"if","locations":[{"start":{"line":90,"column":2},"end":{"line":92,"column":3}},{"start":{},"end":{}}],"line":90},"8":{"loc":{"start":{"line":96,"column":4},"end":{"line":98,"column":5}},"type":"if","locations":[{"start":{"line":96,"column":4},"end":{"line":98,"column":5}},{"start":{},"end":{}}],"line":96},"9":{"loc":{"start":{"line":103,"column":4},"end":{"line":105,"column":5}},"type":"if","locations":[{"start":{"line":103,"column":4},"end":{"line":105,"column":5}},{"start":{},"end":{}}],"line":103},"10":{"loc":{"start":{"line":133,"column":2},"end":{"line":135,"column":3}},"type":"if","locations":[{"start":{"line":133,"column":2},"end":{"line":135,"column":3}},{"start":{},"end":{}}],"line":133},"11":{"loc":{"start":{"line":144,"column":4},"end":{"line":144,"column":72}},"type":"if","locations":[{"start":{"line":144,"column":4},"end":{"line":144,"column":72}},{"start":{},"end":{}}],"line":144}},"s":{"0":3,"1":3,"2":3,"3":0,"4":3,"5":3,"6":2,"7":0,"8":0,"9":0,"10":0,"11":3,"12":3,"13":2,"14":2,"15":0,"16":2,"17":2,"18":2,"19":2,"20":0,"21":2,"22":2,"23":0,"24":2,"25":0,"26":0,"27":0,"28":0,"29":2,"30":3,"31":1,"32":1,"33":1,"34":1,"35":1,"36":1,"37":0,"38":1,"39":1,"40":1,"41":0,"42":3,"43":1,"44":1,"45":1,"46":0,"47":0,"48":0,"49":0,"50":0,"51":0,"52":0,"53":0,"54":0,"55":0,"56":0,"57":0,"58":0,"59":0,"60":0,"61":3,"62":1,"63":1,"64":1,"65":1,"66":0,"67":1,"68":1,"69":0,"70":0,"71":0,"72":1,"73":3,"74":1,"75":1,"76":1,"77":3,"78":3,"79":1,"80":0,"81":0},"f":{"0":3,"1":2,"2":1,"3":1,"4":1,"5":1,"6":3,"7":3},"b":{"0":[0,3],"1":[0,2],"2":[0,2],"3":[0,2],"4":[1,1],"5":[1,0],"6":[0,1],"7":[1,0],"8":[0,0],"9":[0,0],"10":[0,1],"11":[0,0]},"inputSourceMap":null,"_coverageSchema":"1a1c01bbd47fc00a2c39e90264f33305004495a9","hash":"7ec58f08bd94968a82456317a03837d533cb9496"}
,"D:\\Javascript love\\MERN\\To-Do_List_Software_Development\\server\\db\\connection1.db.js": {"path":"D:\\Javascript love\\MERN\\To-Do_List_Software_Development\\server\\db\\connection1.db.js","statementMap":{"0":{"start":{"line":4,"column":25},"end":{"line":15,"column":1}},"1":{"start":{"line":5,"column":2},"end":{"line":14,"column":3}},"2":{"start":{"line":6,"column":16},"end":{"line":6,"column":39}},"3":{"start":{"line":7,"column":21},"end":{"line":10,"column":6}},"4":{"start":{"line":11,"column":4},"end":{"line":11,"column":90}},"5":{"start":{"line":13,"column":4},"end":{"line":13,"column":46}}},"fnMap":{"0":{"name":"(anonymous_0)","decl":{"start":{"line":4,"column":25},"end":{"line":4,"column":26}},"loc":{"start":{"line":4,"column":37},"end":{"line":15,"column":1}},"line":4}},"branchMap":{},"s":{"0":3,"1":4,"2":4,"3":4,"4":1,"5":3},"f":{"0":4},"b":{},"inputSourceMap":null,"_coverageSchema":"1a1c01bbd47fc00a2c39e90264f33305004495a9","hash":"36a4572dc2ec0920dfe8c5f4b5163e336ea2760c"}
,"D:\\Javascript love\\MERN\\To-Do_List_Software_Development\\server\\middleware\\auth.middleware.js": {"path":"D:\\Javascript love\\MERN\\To-Do_List_Software_Development\\server\\middleware\\auth.middleware.js","statementMap":{"0":{"start":{"line":4,"column":24},"end":{"line":19,"column":1}},"1":{"start":{"line":5,"column":2},"end":{"line":18,"column":3}},"2":{"start":{"line":6,"column":18},"end":{"line":6,"column":87}},"3":{"start":{"line":7,"column":4},"end":{"line":7,"column":90}},"4":{"start":{"line":7,"column":16},"end":{"line":7,"column":90}},"5":{"start":{"line":9,"column":26},"end":{"line":9,"column":68}},"6":{"start":{"line":10,"column":4},"end":{"line":10,"column":86}},"7":{"start":{"line":10,"column":23},"end":{"line":10,"column":86}},"8":{"start":{"line":12,"column":20},"end":{"line":12,"column":68}},"9":{"start":{"line":13,"column":4},"end":{"line":13,"column":23}},"10":{"start":{"line":14,"column":4},"end":{"line":14,"column":11}},"11":{"start":{"line":16,"column":4},"end":{"line":16,"column":100}},"12":{"start":{"line":16,"column":44},"end":{"line":16,"column":100}},"13":{"start":{"line":17,"column":4},"end":{"line":17,"column":60}}},"fnMap":{"0":{"name":"(anonymous_0)","decl":{"start":{"line":4,"column":24},"end":{"line":4,"column":25}},"loc":{"start":{"line":4,"column":50},"end":{"line":19,"column":1}},"line":4}},"branchMap":{"0":{"loc":{"start":{"line":6,"column":18},"end":{"line":6,"column":87}},"type":"binary-expr","locations":[{"start":{"line":6,"column":18},"end":{"line":6,"column":42}},{"start":{"line":6,"column":46},"end":{"line":6,"column":87}}],"line":6},"1":{"loc":{"start":{"line":7,"column":4},"end":{"line":7,"column":90}},"type":"if","locations":[{"start":{"line":7,"column":4},"end":{"line":7,"column":90}},{"start":{},"end":{}}],"line":7},"2":{"loc":{"start":{"line":10,"column":4},"end":{"line":10,"column":86}},"type":"if","locations":[{"start":{"line":10,"column":4},"end":{"line":10,"column":86}},{"start":{},"end":{}}],"line":10},"3":{"loc":{"start":{"line":16,"column":4},"end":{"line":16,"column":100}},"type":"if","locations":[{"start":{"line":16,"column":4},"end":{"line":16,"column":100}},{"start":{},"end":{}}],"line":16}},"s":{"0":3,"1":10,"2":10,"3":10,"4":0,"5":10,"6":10,"7":0,"8":10,"9":9,"10":9,"11":1,"12":0,"13":1},"f":{"0":10},"b":{"0":[10,10],"1":[0,10],"2":[0,10],"3":[0,1]},"inputSourceMap":null,"_coverageSchema":"1a1c01bbd47fc00a2c39e90264f33305004495a9","hash":"ae884b133f48098c0fbe967455afbe5b490c7876"}
,"D:\\Javascript love\\MERN\\To-Do_List_Software_Development\\server\\middleware\\authorizeRole.js": {"path":"D:\\Javascript love\\MERN\\To-Do_List_Software_Development\\server\\middleware\\authorizeRole.js","statementMap":{"0":{"start":{"line":1,"column":29},"end":{"line":12,"column":3}},"1":{"start":{"line":2,"column":4},"end":{"line":11,"column":6}},"2":{"start":{"line":3,"column":6},"end":{"line":10,"column":7}},"3":{"start":{"line":4,"column":8},"end":{"line":6,"column":9}},"4":{"start":{"line":5,"column":10},"end":{"line":5,"column":81}},"5":{"start":{"line":7,"column":8},"end":{"line":7,"column":15}},"6":{"start":{"line":9,"column":8},"end":{"line":9,"column":69}}},"fnMap":{"0":{"name":"(anonymous_0)","decl":{"start":{"line":1,"column":29},"end":{"line":1,"column":30}},"loc":{"start":{"line":1,"column":50},"end":{"line":12,"column":3}},"line":1},"1":{"name":"(anonymous_1)","decl":{"start":{"line":2,"column":11},"end":{"line":2,"column":12}},"loc":{"start":{"line":2,"column":31},"end":{"line":11,"column":5}},"line":2}},"branchMap":{"0":{"loc":{"start":{"line":4,"column":8},"end":{"line":6,"column":9}},"type":"if","locations":[{"start":{"line":4,"column":8},"end":{"line":6,"column":9}},{"start":{},"end":{}}],"line":4},"1":{"loc":{"start":{"line":4,"column":12},"end":{"line":4,"column":62}},"type":"binary-expr","locations":[{"start":{"line":4,"column":12},"end":{"line":4,"column":21}},{"start":{"line":4,"column":25},"end":{"line":4,"column":62}}],"line":4}},"s":{"0":3,"1":12,"2":4,"3":4,"4":0,"5":4,"6":0},"f":{"0":12,"1":4},"b":{"0":[0,4],"1":[4,4]},"inputSourceMap":null,"_coverageSchema":"1a1c01bbd47fc00a2c39e90264f33305004495a9","hash":"758f908bdd1d9de113a2b3c9c2ffb2dc393aa7ef"}
,"D:\\Javascript love\\MERN\\To-Do_List_Software_Development\\server\\middleware\\rateLimiter.js": {"path":"D:\\Javascript love\\MERN\\To-Do_List_Software_Development\\server\\middleware\\rateLimiter.js","statementMap":{"0":{"start":{"line":4,"column":30},"end":{"line":13,"column":2}},"1":{"start":{"line":18,"column":28},"end":{"line":25,"column":4}}},"fnMap":{},"branchMap":{},"s":{"0":3,"1":3},"f":{},"b":{},"inputSourceMap":null,"_coverageSchema":"1a1c01bbd47fc00a2c39e90264f33305004495a9","hash":"0a2275d87809756aa92128ae7b08606d22d5e447"}
,"D:\\Javascript love\\MERN\\To-Do_List_Software_Development\\server\\middleware\\validators\\task.validator.js": {"path":"D:\\Javascript love\\MERN\\To-Do_List_Software_Development\\server\\middleware\\validators\\task.validator.js","statementMap":{"0":{"start":{"line":4,"column":44},"end":{"line":17,"column":1}}},"fnMap":{},"branchMap":{},"s":{"0":3},"f":{},"b":{},"inputSourceMap":null,"_coverageSchema":"1a1c01bbd47fc00a2c39e90264f33305004495a9","hash":"37be39cc08d20e88d5a4f81db39709b5fb133381"}
,"D:\\Javascript love\\MERN\\To-Do_List_Software_Development\\server\\middleware\\validators\\user.validator.js": {"path":"D:\\Javascript love\\MERN\\To-Do_List_Software_Development\\server\\middleware\\validators\\user.validator.js","statementMap":{"0":{"start":{"line":3,"column":34},"end":{"line":11,"column":1}},"1":{"start":{"line":13,"column":31},"end":{"line":21,"column":1}}},"fnMap":{},"branchMap":{},"s":{"0":3,"1":3},"f":{},"b":{},"inputSourceMap":null,"_coverageSchema":"1a1c01bbd47fc00a2c39e90264f33305004495a9","hash":"ad629b443f6d44db1312f823b3cd42b8b27d636a"}
,"D:\\Javascript love\\MERN\\To-Do_List_Software_Development\\server\\models\\task.model.js": {"path":"D:\\Javascript love\\MERN\\To-Do_List_Software_Development\\server\\models\\task.model.js","statementMap":{"0":{"start":{"line":4,"column":19},"end":{"line":62,"column":1}},"1":{"start":{"line":64,"column":13},"end":{"line":64,"column":47}}},"fnMap":{},"branchMap":{},"s":{"0":3,"1":3},"f":{},"b":{},"inputSourceMap":null,"_coverageSchema":"1a1c01bbd47fc00a2c39e90264f33305004495a9","hash":"f37566e65fd8f584dfe2741b9031f79a71c06d6b"}
,"D:\\Javascript love\\MERN\\To-Do_List_Software_Development\\server\\models\\user.model.js": {"path":"D:\\Javascript love\\MERN\\To-Do_List_Software_Development\\server\\models\\user.model.js","statementMap":{"0":{"start":{"line":2,"column":19},"end":{"line":2,"column":27}},"1":{"start":{"line":6,"column":19},"end":{"line":38,"column":1}},"2":{"start":{"line":40,"column":0},"end":{"line":42,"column":2}},"3":{"start":{"line":41,"column":2},"end":{"line":41,"column":41}},"4":{"start":{"line":43,"column":0},"end":{"line":45,"column":2}},"5":{"start":{"line":44,"column":2},"end":{"line":44,"column":55}},"6":{"start":{"line":52,"column":13},"end":{"line":52,"column":47}}},"fnMap":{"0":{"name":"(anonymous_0)","decl":{"start":{"line":40,"column":34},"end":{"line":40,"column":35}},"loc":{"start":{"line":40,"column":60},"end":{"line":42,"column":1}},"line":40},"1":{"name":"(anonymous_1)","decl":{"start":{"line":43,"column":37},"end":{"line":43,"column":38}},"loc":{"start":{"line":43,"column":63},"end":{"line":45,"column":1}},"line":43}},"branchMap":{},"s":{"0":3,"1":3,"2":3,"3":3,"4":3,"5":2,"6":3},"f":{"0":3,"1":2},"b":{},"inputSourceMap":null,"_coverageSchema":"1a1c01bbd47fc00a2c39e90264f33305004495a9","hash":"ec1379410beb9534993def0c0328af47e47eb84d"}
,"D:\\Javascript love\\MERN\\To-Do_List_Software_Development\\server\\routes\\task.route.js": {"path":"D:\\Javascript love\\MERN\\To-Do_List_Software_Development\\server\\routes\\task.route.js","statementMap":{"0":{"start":{"line":8,"column":15},"end":{"line":8,"column":23}},"1":{"start":{"line":10,"column":0},"end":{"line":16,"column":2}},"2":{"start":{"line":17,"column":0},"end":{"line":17,"column":75}},"3":{"start":{"line":18,"column":0},"end":{"line":23,"column":2}},"4":{"start":{"line":24,"column":0},"end":{"line":24,"column":76}},"5":{"start":{"line":25,"column":0},"end":{"line":25,"column":76}},"6":{"start":{"line":26,"column":0},"end":{"line":26,"column":72}}},"fnMap":{},"branchMap":{},"s":{"0":3,"1":3,"2":3,"3":3,"4":3,"5":3,"6":3},"f":{},"b":{},"inputSourceMap":null,"_coverageSchema":"1a1c01bbd47fc00a2c39e90264f33305004495a9","hash":"1a1e57aa86f0b559eedc39925e9336c3f9ec8d5e"}
,"D:\\Javascript love\\MERN\\To-Do_List_Software_Development\\server\\routes\\user.route.js": {"path":"D:\\Javascript love\\MERN\\To-Do_List_Software_Development\\server\\routes\\user.route.js","statementMap":{"0":{"start":{"line":11,"column":15},"end":{"line":11,"column":23}},"1":{"start":{"line":14,"column":0},"end":{"line":18,"column":2}},"2":{"start":{"line":19,"column":0},"end":{"line":24,"column":2}},"3":{"start":{"line":25,"column":0},"end":{"line":25,"column":56}},"4":{"start":{"line":26,"column":0},"end":{"line":26,"column":69}},"5":{"start":{"line":29,"column":0},"end":{"line":31,"column":3}},"6":{"start":{"line":30,"column":2},"end":{"line":30,"column":75}},"7":{"start":{"line":33,"column":0},"end":{"line":42,"column":2}},"8":{"start":{"line":38,"column":4},"end":{"line":40,"column":70}},"9":{"start":{"line":44,"column":0},"end":{"line":49,"column":2}},"10":{"start":{"line":51,"column":0},"end":{"line":56,"column":2}}},"fnMap":{"0":{"name":"(anonymous_0)","decl":{"start":{"line":29,"column":65},"end":{"line":29,"column":66}},"loc":{"start":{"line":29,"column":79},"end":{"line":31,"column":1}},"line":29},"1":{"name":"(anonymous_1)","decl":{"start":{"line":37,"column":2},"end":{"line":37,"column":3}},"loc":{"start":{"line":37,"column":16},"end":{"line":41,"column":3}},"line":37}},"branchMap":{},"s":{"0":3,"1":3,"2":3,"3":3,"4":3,"5":3,"6":1,"7":3,"8":1,"9":3,"10":3},"f":{"0":1,"1":1},"b":{},"inputSourceMap":null,"_coverageSchema":"1a1c01bbd47fc00a2c39e90264f33305004495a9","hash":"65baec8ced6261040de759c96106a06f12d046dd"}
,"D:\\Javascript love\\MERN\\To-Do_List_Software_Development\\server\\services\\redis.service.js": {"path":"D:\\Javascript love\\MERN\\To-Do_List_Software_Development\\server\\services\\redis.service.js","statementMap":{"0":{"start":{"line":5,"column":0},"end":{"line":30,"column":1}},"1":{"start":{"line":7,"column":2},"end":{"line":13,"column":4}},"2":{"start":{"line":9,"column":21},"end":{"line":9,"column":25}},"3":{"start":{"line":12,"column":24},"end":{"line":12,"column":25}},"4":{"start":{"line":16,"column":2},"end":{"line":21,"column":5}},"5":{"start":{"line":20,"column":30},"end":{"line":20,"column":56}},"6":{"start":{"line":23,"column":2},"end":{"line":25,"column":5}},"7":{"start":{"line":24,"column":4},"end":{"line":24,"column":37}},"8":{"start":{"line":27,"column":2},"end":{"line":29,"column":5}},"9":{"start":{"line":28,"column":4},"end":{"line":28,"column":52}}},"fnMap":{"0":{"name":"(anonymous_0)","decl":{"start":{"line":8,"column":8},"end":{"line":8,"column":9}},"loc":{"start":{"line":8,"column":14},"end":{"line":8,"column":16}},"line":8},"1":{"name":"(anonymous_1)","decl":{"start":{"line":9,"column":9},"end":{"line":9,"column":10}},"loc":{"start":{"line":9,"column":21},"end":{"line":9,"column":25}},"line":9},"2":{"name":"(anonymous_2)","decl":{"start":{"line":10,"column":9},"end":{"line":10,"column":10}},"loc":{"start":{"line":10,"column":21},"end":{"line":10,"column":23}},"line":10},"3":{"name":"(anonymous_3)","decl":{"start":{"line":11,"column":9},"end":{"line":11,"column":10}},"loc":{"start":{"line":11,"column":21},"end":{"line":11,"column":23}},"line":11},"4":{"name":"(anonymous_4)","decl":{"start":{"line":12,"column":12},"end":{"line":12,"column":13}},"loc":{"start":{"line":12,"column":24},"end":{"line":12,"column":25}},"line":12},"5":{"name":"(anonymous_5)","decl":{"start":{"line":20,"column":19},"end":{"line":20,"column":20}},"loc":{"start":{"line":20,"column":30},"end":{"line":20,"column":56}},"line":20},"6":{"name":"(anonymous_6)","decl":{"start":{"line":23,"column":28},"end":{"line":23,"column":29}},"loc":{"start":{"line":23,"column":34},"end":{"line":25,"column":3}},"line":23},"7":{"name":"(anonymous_7)","decl":{"start":{"line":27,"column":26},"end":{"line":27,"column":27}},"loc":{"start":{"line":27,"column":35},"end":{"line":29,"column":3}},"line":27}},"branchMap":{"0":{"loc":{"start":{"line":5,"column":0},"end":{"line":30,"column":1}},"type":"if","locations":[{"start":{"line":5,"column":0},"end":{"line":30,"column":1}},{"start":{"line":14,"column":7},"end":{"line":30,"column":1}}],"line":5}},"s":{"0":3,"1":3,"2":10,"3":0,"4":0,"5":0,"6":0,"7":0,"8":0,"9":0},"f":{"0":0,"1":10,"2":1,"3":0,"4":0,"5":0,"6":0,"7":0},"b":{"0":[3,0]},"inputSourceMap":null,"_coverageSchema":"1a1c01bbd47fc00a2c39e90264f33305004495a9","hash":"e849afd06ff88d71645a547503d75ea0ef908c5d"}
,"D:\\Javascript love\\MERN\\To-Do_List_Software_Development\\server\\services\\user.service.js": {"path":"D:\\Javascript love\\MERN\\To-Do_List_Software_Development\\server\\services\\user.service.js","statementMap":{"0":{"start":{"line":3,"column":26},"end":{"line":18,"column":1}},"1":{"start":{"line":8,"column":2},"end":{"line":10,"column":3}},"2":{"start":{"line":9,"column":4},"end":{"line":9,"column":55}},"3":{"start":{"line":11,"column":25},"end":{"line":11,"column":63}},"4":{"start":{"line":12,"column":15},"end":{"line":16,"column":4}},"5":{"start":{"line":17,"column":2},"end":{"line":17,"column":14}}},"fnMap":{"0":{"name":"(anonymous_0)","decl":{"start":{"line":3,"column":26},"end":{"line":3,"column":27}},"loc":{"start":{"line":7,"column":6},"end":{"line":18,"column":1}},"line":7}},"branchMap":{"0":{"loc":{"start":{"line":6,"column":2},"end":{"line":6,"column":23}},"type":"default-arg","locations":[{"start":{"line":6,"column":9},"end":{"line":6,"column":23}}],"line":6},"1":{"loc":{"start":{"line":8,"column":2},"end":{"line":10,"column":3}},"type":"if","locations":[{"start":{"line":8,"column":2},"end":{"line":10,"column":3}},{"start":{},"end":{}}],"line":8},"2":{"loc":{"start":{"line":8,"column":6},"end":{"line":8,"column":25}},"type":"binary-expr","locations":[{"start":{"line":8,"column":6},"end":{"line":8,"column":12}},{"start":{"line":8,"column":16},"end":{"line":8,"column":25}}],"line":8}},"s":{"0":3,"1":3,"2":0,"3":3,"4":3,"5":2},"f":{"0":3},"b":{"0":[3],"1":[0,3],"2":[3,3]},"inputSourceMap":null,"_coverageSchema":"1a1c01bbd47fc00a2c39e90264f33305004495a9","hash":"19d90803f21c6478fea7bfb1acd44a5a7000d0da"}
,"D:\\Javascript love\\MERN\\To-Do_List_Software_Development\\server\\utils\\token.js": {"path":"D:\\Javascript love\\MERN\\To-Do_List_Software_Development\\server\\utils\\token.js","statementMap":{"0":{"start":{"line":3,"column":30},"end":{"line":15,"column":1}},"1":{"start":{"line":4,"column":18},"end":{"line":4,"column":70}},"2":{"start":{"line":6,"column":22},"end":{"line":8,"column":4}},"3":{"start":{"line":10,"column":23},"end":{"line":12,"column":4}},"4":{"start":{"line":14,"column":2},"end":{"line":14,"column":39}},"5":{"start":{"line":17,"column":34},"end":{"line":19,"column":1}},"6":{"start":{"line":18,"column":2},"end":{"line":18,"column":61}}},"fnMap":{"0":{"name":"(anonymous_0)","decl":{"start":{"line":3,"column":30},"end":{"line":3,"column":31}},"loc":{"start":{"line":3,"column":40},"end":{"line":15,"column":1}},"line":3},"1":{"name":"(anonymous_1)","decl":{"start":{"line":17,"column":34},"end":{"line":17,"column":35}},"loc":{"start":{"line":17,"column":45},"end":{"line":19,"column":1}},"line":17}},"branchMap":{},"s":{"0":3,"1":4,"2":4,"3":4,"4":0,"5":3,"6":0},"f":{"0":4,"1":0},"b":{},"inputSourceMap":null,"_coverageSchema":"1a1c01bbd47fc00a2c39e90264f33305004495a9","hash":"72f1d2094287b6207eb523cca07272ee8d981ca2"}
}
