TN:
SF:app.js
FNF:0
FNH:0
DA:12,3
DA:13,3
DA:15,3
DA:16,3
DA:18,3
DA:19,3
DA:23,3
DA:24,3
DA:25,3
DA:26,3
DA:28,3
DA:31,3
DA:32,3
LF:13
LH:13
BRF:0
BRH:0
end_of_record
TN:
SF:config\multer.config.js
FN:7,(anonymous_0)
FN:10,(anonymous_1)
FNF:2
FNH:0
FNDA:0,(anonymous_0)
FNDA:0,(anonymous_1)
DA:6,3
DA:8,0
DA:11,0
DA:12,0
DA:16,3
LF:5
LH:2
BRF:0
BRH:0
end_of_record
TN:
SF:controllers\task.controller.js
FN:5,(anonymous_0)
FN:13,(anonymous_1)
FN:27,(anonymous_2)
FN:60,(anonymous_3)
FN:80,(anonymous_4)
FN:92,(anonymous_5)
FN:120,(anonymous_6)
FN:135,(anonymous_7)
FNF:8
FNH:6
FNDA:1,(anonymous_0)
FNDA:0,(anonymous_1)
FNDA:1,(anonymous_2)
FNDA:1,(anonymous_3)
FNDA:1,(anonymous_4)
FNDA:0,(anonymous_5)
FNDA:1,(anonymous_6)
FNDA:1,(anonymous_7)
DA:5,3
DA:6,1
DA:7,1
DA:9,1
DA:10,1
DA:13,0
DA:19,1
DA:20,1
DA:22,0
DA:23,0
DA:27,3
DA:28,1
DA:29,1
DA:36,1
DA:37,1
DA:39,1
DA:40,1
DA:41,1
DA:43,1
DA:48,1
DA:55,0
DA:56,0
DA:60,3
DA:61,1
DA:62,1
DA:64,1
DA:65,1
DA:66,1
DA:71,1
DA:73,1
DA:75,0
DA:76,0
DA:80,3
DA:81,1
DA:82,1
DA:83,1
DA:85,1
DA:87,0
DA:88,0
DA:92,3
DA:93,0
DA:94,0
DA:95,0
DA:97,0
DA:98,0
DA:101,0
DA:102,0
DA:103,0
DA:106,0
DA:107,0
DA:110,0
DA:111,0
DA:113,0
DA:115,0
DA:116,0
DA:120,3
DA:121,1
DA:122,1
DA:125,1
DA:126,0
DA:129,1
DA:130,1
DA:131,0
DA:135,1
DA:142,1
DA:144,1
DA:148,1
DA:150,0
DA:151,0
LF:69
LH:41
BRDA:7,0,0,0
BRDA:7,0,1,1
BRDA:36,1,0,0
BRDA:36,1,1,1
BRDA:37,2,0,0
BRDA:37,2,1,1
BRDA:39,3,0,1
BRDA:39,3,1,1
BRDA:40,4,0,1
BRDA:40,4,1,1
BRDA:62,5,0,0
BRDA:62,5,1,1
BRDA:71,6,0,0
BRDA:71,6,1,1
BRDA:83,7,0,0
BRDA:83,7,1,1
BRDA:97,8,0,0
BRDA:97,8,1,0
BRDA:102,9,0,0
BRDA:102,9,1,0
BRDA:102,10,0,0
BRDA:102,10,1,0
BRDA:106,11,0,0
BRDA:106,11,1,0
BRDA:125,12,0,0
BRDA:125,12,1,1
BRDA:125,13,0,1
BRDA:125,13,1,1
BRDA:130,14,0,0
BRDA:130,14,1,1
BRDA:130,15,0,1
BRDA:130,15,1,1
BRF:32
BRH:16
end_of_record
TN:
SF:controllers\user.controller.js
FN:9,(anonymous_0)
FN:34,(anonymous_1)
FN:67,(anonymous_2)
FN:88,(anonymous_3)
FN:128,(anonymous_4)
FN:152,(anonymous_5)
FN:157,(anonymous_6)
FN:158,(anonymous_7)
FNF:8
FNH:8
FNDA:3,(anonymous_0)
FNDA:2,(anonymous_1)
FNDA:1,(anonymous_2)
FNDA:1,(anonymous_3)
FNDA:1,(anonymous_4)
FNDA:1,(anonymous_5)
FNDA:3,(anonymous_6)
FNDA:3,(anonymous_7)
DA:9,3
DA:10,3
DA:11,3
DA:12,0
DA:14,3
DA:15,3
DA:16,2
DA:17,0
DA:19,0
DA:23,0
DA:28,0
DA:30,3
DA:34,3
DA:35,2
DA:36,2
DA:37,0
DA:39,2
DA:40,2
DA:41,2
DA:42,2
DA:43,0
DA:45,2
DA:46,2
DA:47,0
DA:49,2
DA:50,0
DA:52,0
DA:56,0
DA:61,0
DA:63,2
DA:67,3
DA:68,1
DA:69,1
DA:70,1
DA:72,1
DA:73,1
DA:75,1
DA:76,0
DA:79,1
DA:80,1
DA:82,1
DA:84,0
DA:88,3
DA:89,1
DA:90,1
DA:91,1
DA:94,0
DA:95,0
DA:96,0
DA:97,0
DA:100,0
DA:101,0
DA:103,0
DA:104,0
DA:107,0
DA:110,0
DA:112,0
DA:116,0
DA:121,0
DA:123,0
DA:124,0
DA:128,3
DA:129,1
DA:130,1
DA:132,1
DA:133,1
DA:134,0
DA:137,1
DA:138,1
DA:144,0
DA:146,0
DA:148,1
DA:152,3
DA:153,1
DA:154,1
DA:156,1
DA:157,3
DA:158,3
DA:161,1
DA:163,0
DA:164,0
LF:81
LH:47
BRDA:11,0,0,0
BRDA:11,0,1,3
BRDA:36,1,0,0
BRDA:36,1,1,2
BRDA:42,2,0,0
BRDA:42,2,1,2
BRDA:46,3,0,0
BRDA:46,3,1,2
BRDA:69,4,0,1
BRDA:69,4,1,1
BRDA:72,5,0,1
BRDA:72,5,1,0
BRDA:75,6,0,0
BRDA:75,6,1,1
BRDA:90,7,0,1
BRDA:90,7,1,0
BRDA:96,8,0,0
BRDA:96,8,1,0
BRDA:103,9,0,0
BRDA:103,9,1,0
BRDA:133,10,0,0
BRDA:133,10,1,1
BRDA:144,11,0,0
BRDA:144,11,1,0
BRF:24
BRH:10
end_of_record
TN:
SF:db\connection1.db.js
FN:4,(anonymous_0)
FNF:1
FNH:1
FNDA:4,(anonymous_0)
DA:4,3
DA:5,4
DA:6,4
DA:7,4
DA:11,1
DA:13,3
LF:6
LH:6
BRF:0
BRH:0
end_of_record
TN:
SF:middleware\auth.middleware.js
FN:4,(anonymous_0)
FNF:1
FNH:1
FNDA:10,(anonymous_0)
DA:4,3
DA:5,10
DA:6,10
DA:7,10
DA:9,10
DA:10,10
DA:12,10
DA:13,9
DA:14,9
DA:16,1
DA:17,1
LF:11
LH:11
BRDA:6,0,0,10
BRDA:6,0,1,10
BRDA:7,1,0,0
BRDA:7,1,1,10
BRDA:10,2,0,0
BRDA:10,2,1,10
BRDA:16,3,0,0
BRDA:16,3,1,1
BRF:8
BRH:5
end_of_record
TN:
SF:middleware\authorizeRole.js
FN:1,(anonymous_0)
FN:2,(anonymous_1)
FNF:2
FNH:2
FNDA:12,(anonymous_0)
FNDA:4,(anonymous_1)
DA:1,3
DA:2,12
DA:3,4
DA:4,4
DA:5,0
DA:7,4
DA:9,0
LF:7
LH:5
BRDA:4,0,0,0
BRDA:4,0,1,4
BRDA:4,1,0,4
BRDA:4,1,1,4
BRF:4
BRH:3
end_of_record
TN:
SF:middleware\rateLimiter.js
FNF:0
FNH:0
DA:4,3
DA:18,3
LF:2
LH:2
BRF:0
BRH:0
end_of_record
TN:
SF:middleware\validators\task.validator.js
FNF:0
FNH:0
DA:4,3
LF:1
LH:1
BRF:0
BRH:0
end_of_record
TN:
SF:middleware\validators\user.validator.js
FNF:0
FNH:0
DA:3,3
DA:13,3
LF:2
LH:2
BRF:0
BRH:0
end_of_record
TN:
SF:models\task.model.js
FNF:0
FNH:0
DA:4,3
DA:64,3
LF:2
LH:2
BRF:0
BRH:0
end_of_record
TN:
SF:models\user.model.js
FN:40,(anonymous_0)
FN:43,(anonymous_1)
FNF:2
FNH:2
FNDA:3,(anonymous_0)
FNDA:2,(anonymous_1)
DA:2,3
DA:6,3
DA:40,3
DA:41,3
DA:43,3
DA:44,2
DA:52,3
LF:7
LH:7
BRF:0
BRH:0
end_of_record
TN:
SF:routes\task.route.js
FNF:0
FNH:0
DA:8,3
DA:10,3
DA:17,3
DA:18,3
DA:24,3
DA:25,3
DA:26,3
LF:7
LH:7
BRF:0
BRH:0
end_of_record
TN:
SF:routes\user.route.js
FN:29,(anonymous_0)
FN:37,(anonymous_1)
FNF:2
FNH:2
FNDA:1,(anonymous_0)
FNDA:1,(anonymous_1)
DA:11,3
DA:14,3
DA:19,3
DA:25,3
DA:26,3
DA:29,3
DA:30,1
DA:33,3
DA:38,1
DA:44,3
DA:51,3
LF:11
LH:11
BRF:0
BRH:0
end_of_record
TN:
SF:services\redis.service.js
FN:8,(anonymous_0)
FN:9,(anonymous_1)
FN:10,(anonymous_2)
FN:11,(anonymous_3)
FN:12,(anonymous_4)
FN:20,(anonymous_5)
FN:23,(anonymous_6)
FN:27,(anonymous_7)
FNF:8
FNH:2
FNDA:0,(anonymous_0)
FNDA:10,(anonymous_1)
FNDA:1,(anonymous_2)
FNDA:0,(anonymous_3)
FNDA:0,(anonymous_4)
FNDA:0,(anonymous_5)
FNDA:0,(anonymous_6)
FNDA:0,(anonymous_7)
DA:5,3
DA:7,3
DA:9,10
DA:12,0
DA:16,0
DA:20,0
DA:23,0
DA:24,0
DA:27,0
DA:28,0
LF:10
LH:3
BRDA:5,0,0,3
BRDA:5,0,1,0
BRF:2
BRH:1
end_of_record
TN:
SF:services\user.service.js
FN:3,(anonymous_0)
FNF:1
FNH:1
FNDA:3,(anonymous_0)
DA:3,3
DA:8,3
DA:9,0
DA:11,3
DA:12,3
DA:17,2
LF:6
LH:5
BRDA:6,0,0,3
BRDA:8,1,0,0
BRDA:8,1,1,3
BRDA:8,2,0,3
BRDA:8,2,1,3
BRF:5
BRH:4
end_of_record
TN:
SF:utils\token.js
FN:3,(anonymous_0)
FN:17,(anonymous_1)
FNF:2
FNH:1
FNDA:4,(anonymous_0)
FNDA:0,(anonymous_1)
DA:3,3
DA:4,4
DA:6,4
DA:10,4
DA:14,0
DA:17,3
DA:18,0
LF:7
LH:5
BRF:0
BRH:0
end_of_record
